2025.02.28 14:20:35 INFO  Started: Metals version 1.5.1 in folders '/Users/antoski/IdeaProjects/WordCount_Scala' for client Visual Studio Code 1.97.1.
2025.02.28 14:20:40 INFO  no build target found for /Users/antoski/IdeaProjects/WordCount_Scala/src/main/Scala/WordCount.scala. Using presentation compiler with project's scala-library version: 3.3.4
2025.02.28 14:20:40 INFO  no build target found for /Users/antoski/IdeaProjects/WordCount_Scala/src/main/Scala/WordCount.scala. Using presentation compiler with project's scala-library version: 3.3.4
2025.02.28 14:20:47 INFO  no build target found for /Users/antoski/IdeaProjects/WordCount_Scala/src/main/Scala/WordCount.scala. Using presentation compiler with project's scala-library version: 3.3.4
Feb 28, 2025 2:20:48 PM org.eclipse.lsp4j.jsonrpc.RemoteEndpoint handleCancellation
WARNING: Unmatched cancel notification for request id 5
2025.02.28 14:20:47 INFO  no build target found for /Users/antoski/IdeaProjects/WordCount_Scala/src/main/Scala/WordCount.scala. Using presentation compiler with project's scala-library version: 3.3.4
2025.02.28 14:20:47 INFO  no build target found for /Users/antoski/IdeaProjects/WordCount_Scala/src/main/Scala/WordCount.scala. Using presentation compiler with project's scala-library version: 3.3.4
2025.02.28 14:20:50 INFO  no build target found for /Users/antoski/IdeaProjects/WordCount_Scala/src/main/Scala/WordCount.scala. Using presentation compiler with project's scala-library version: 3.3.4
Feb 28, 2025 2:21:12 PM org.eclipse.lsp4j.jsonrpc.services.GenericEndpoint notify
WARNING: Unsupported notification method: metals/windowStateDidChange
Feb 28, 2025 2:27:32 PM org.eclipse.lsp4j.jsonrpc.services.GenericEndpoint notify
WARNING: Unsupported notification method: metals/windowStateDidChange
2025.02.28 14:27:34 WARN  no build target for: /Users/antoski/IdeaProjects/WordCount_Scala/src/main/Scala/WordCount.scala
2025.02.28 14:27:34 INFO  no build target found for /Users/antoski/IdeaProjects/WordCount_Scala/src/main/Scala/WordCount.scala. Using presentation compiler with project's scala-library version: 3.3.4
2025.02.28 14:27:34 INFO  no build target found for /Users/antoski/IdeaProjects/WordCount_Scala/src/main/Scala/WordCount.scala. Using presentation compiler with project's scala-library version: 3.3.4
Feb 28, 2025 2:27:38 PM org.eclipse.lsp4j.jsonrpc.services.GenericEndpoint notify
WARNING: Unsupported notification method: metals/windowStateDidChange
Feb 28, 2025 2:28:28 PM org.eclipse.lsp4j.jsonrpc.services.GenericEndpoint notify
WARNING: Unsupported notification method: metals/windowStateDidChange
2025.02.28 14:28:31 INFO  Shutting down server
2025.02.28 14:28:31 INFO  shutting down Metals
2025.02.28 14:28:31 INFO  Exiting server
